{
  "timestamp": "2023-10-29 05:05:54.230940",
  "device_info": {
    "serial_number": "ADEAQkFTUA0gMDBH",
    "model": "0",
    "git_hash": "662e2fbee809dad6c0d60600e3a0c61e998c36d5",
    "git_dirty": false,
    "git_timestamp": 1690333207,
    "uuid": "ff03012d-3a84-4315-bcda-9f89693e2c3c"
  },
  "calibration": {
    "invert": false,
    "phase_invert": true,
    "poles": 28,
    "offset": [
      0.6605218747612357,
      0.619388316753871,
      0.584698900315802,
      0.5775082415513525,
      0.5427685820120938,
      0.5312100954607046,
      0.5325321899437819,
      0.5032805726101452,
      0.503304885917141,
      0.5150409405766075,
      0.511434320857171,
      0.5305746578618546,
      0.5310712236287777,
      0.5265237395815652,
      0.5647148629233713,
      0.6037191570446787,
      0.6061322477209738,
      0.6320213402238278,
      0.6691922418511836,
      0.699519362642237,
      0.7439187353290531,
      0.7702228448972964,
      0.7700352480319738,
      0.8032957333969387,
      0.8335780429712254,
      0.8295055138895477,
      0.840687143267552,
      0.8396036404624092,
      0.8262149411045032,
      0.8415272195457627,
      0.8357216932258079,
      0.8053318925732575,
      0.7980188905280496,
      0.7870889954552285,
      0.7868784861264049,
      0.798001845709965,
      0.7665317511734686,
      0.7374732838442211,
      0.7543207541505909,
      0.7553201986620218,
      0.75435287663469,
      0.7521307880100333,
      0.7267499840040053,
      0.7410831916889501,
      0.779503520016347,
      0.7730987864759163,
      0.758805685767526,
      0.7744994151264984,
      0.7901383392097754,
      0.8202483332313272,
      0.8328298433089215,
      0.8084383671002012,
      0.8270002923745923,
      0.8609495572400058,
      0.8434698516172671,
      0.8245527594604072,
      0.8154847578405244,
      0.7982164613636814,
      0.8092122916279575,
      0.7911941283210204,
      0.7432096824884673,
      0.7339768417729711,
      0.713074043495796,
      0.6789953837467785
    ]
  },
  "winding_resistance": 0.05482725182037105,
  "inductance": 2.7150936578392257e-05,
  "pid_dq_kp": 0.0170594365785519,
  "pid_dq_ki": 34.44897830707906,
  "torque_bw_hz": 100.0,
  "encoder_filter_bw_hz": 200.0,
  "encoder_filter_kp": 2513.2741228718346,
  "encoder_filter_ki": 1579136.7041742974,
  "v_per_hz": 0.1745404858854203,
  "kv": 171.87989278140287,
  "unwrapped_position_scale": 0.111111
}
