{
  "timestamp": "2023-09-01 01:10:59.095885",
  "device_info": {
    "serial_number": "AFUAKUszUAggMTg0",
    "model": "0",
    "git_hash": "662e2fbee809dad6c0d60600e3a0c61e998c36d5",
    "git_dirty": false,
    "git_timestamp": 1690333207,
    "uuid": "00000000-0000-0000-0000-000000000000"
  },
  "calibration": {
    "invert": false,
    "phase_invert": true,
    "poles": 14,
    "offset": [
      -2.08636840454793,
      -2.078741780591533,
      -2.087330944899483,
      -2.0838976028827987,
      -2.072113389923762,
      -2.097244439495218,
      -2.0984050772932976,
      -2.0847911331833906,
      -2.109232343379013,
      -2.0994674650845147,
      -2.078830620362795,
      -2.0917457585224515,
      -2.095912300273508,
      -2.072370673753601,
      -2.110227013144143,
      -2.1102271696672985,
      -2.08817651838173,
      -2.1156960155621185,
      -2.103790160077728,
      -2.091138285576541,
      -2.1148956670746606,
      -2.1283230384612195,
      -2.1122349974776324,
      -2.14325573731112,
      -2.1437850708043187,
      -2.1202916432061176,
      -2.1332737843875447,
      -2.13474165160993,
      -2.1118074216645883,
      -2.1233361924915104,
      -2.152314694230397,
      -2.1326361044468567,
      -2.153948411869973,
      -2.1681512427101928,
      -2.1283888511918203,
      -2.129954921755509,
      -2.13863069647653,
      -2.1049526737997204,
      -2.110082458521666,
      -2.136068224924875,
      -2.117147979374722,
      -2.129229137712999,
      -2.1383017188140014,
      -2.100809034417132,
      -2.096184510265827,
      -2.094409193962299,
      -2.0678151686561503,
      -2.065543922649307,
      -2.083532170734139,
      -2.076973564399465,
      -2.079459702814588,
      -2.099925785198097,
      -2.078215222018826,
      -2.069537743787849,
      -2.085112401611452,
      -2.053253274064254,
      -2.047484730380535,
      -2.082344279014457,
      -2.0645613598989123,
      -2.065278056199189,
      -2.1074701010240724,
      -2.088860167921197,
      -2.0839664219033907,
      -2.1099128589988196
    ]
  },
  "winding_resistance": 0.04937434279811547,
  "inductance": 1.2303078533030465e-05,
  "pid_dq_kp": 0.00773025222718136,
  "pid_dq_ki": 31.022814522076736,
  "torque_bw_hz": 100.0,
  "encoder_filter_bw_hz": 200.0,
  "encoder_filter_kp": 2513.2741228718346,
  "encoder_filter_ki": 1579136.7041742974,
  "v_per_hz": 0.13691602735492742,
  "kv": 219.11240473133947,
  "unwrapped_position_scale": 0.111111,
  "motor_position_output_sign": 1.0
}
